D:\DOTNET\CAR\CAR\DEBUG\SOURCE.OBJ
D:\DOTNET\CAR\CAR\DEBUG\VC110.PDB
D:\DOTNET\CAR\DEBUG\CAR.ILK
D:\DOTNET\CAR\DEBUG\CAR.EXE
D:\DOTNET\CAR\DEBUG\CAR.PDB
D:\dotnet\car\car\Debug\Source.obj
D:\dotnet\car\car\Debug\cl.command.1.tlog
D:\dotnet\car\car\Debug\CL.read.1.tlog
D:\dotnet\car\car\Debug\CL.write.1.tlog
D:\dotnet\car\car\Debug\link-cvtres.read.1.tlog
D:\dotnet\car\car\Debug\link-cvtres.write.1.tlog
D:\dotnet\car\car\Debug\link-rc.read.1.tlog
D:\dotnet\car\car\Debug\link-rc.write.1.tlog
D:\dotnet\car\car\Debug\link.command.1.tlog
D:\dotnet\car\car\Debug\link.read.1.tlog
D:\dotnet\car\car\Debug\link.write.1.tlog
D:\dotnet\car\car\Debug\vc110.idb
D:\dotnet\car\car\Debug\vc110.pdb
D:\dotnet\car\Debug\car.pdb
D:\dotnet\car\Debug\car.exe
D:\dotnet\car\Debug\car.ilk
